Flow report for reset_circuit
Mon Apr  6 17:39:35 2026
Quartus Prime Version 16.1.0 Build 196 10/24/2016 SJ Lite Edition


---------------------
; Table of Contents ;
---------------------
  1. Legal Notice
  2. Flow Summary
  3. Flow Settings
  4. Flow Non-Default Global Settings
  5. Flow Elapsed Time
  6. Flow OS Summary
  7. Flow Log
  8. Flow Messages
  9. Flow Suppressed Messages



----------------
; Legal Notice ;
----------------
Copyright (C) 2016  Intel Corporation. All rights reserved.
Your use of Intel Corporation's design tools, logic functions 
and other software and tools, and its AMPP partner logic 
functions, and any output files from any of the foregoing 
(including device programming or simulation files), and any 
associated documentation or information are expressly subject 
to the terms and conditions of the Intel Program License 
Subscription Agreement, the Intel Quartus Prime License Agreement,
the Intel MegaCore Function License Agreement, or other 
applicable license agreement, including, without limitation, 
that your use is for the sole purpose of programming logic 
devices manufactured by Intel and sold by Intel or its 
authorized distributors.  Please refer to the applicable 
agreement for further details.



+----------------------------------------------------------------------------------+
; Flow Summary                                                                     ;
+------------------------------------+---------------------------------------------+
; Flow Status                        ; Successful - Mon Apr  6 17:39:35 2026       ;
; Quartus Prime Version              ; 16.1.0 Build 196 10/24/2016 SJ Lite Edition ;
; Revision Name                      ; reset_circuit                               ;
; Top-level Entity Name              ; reset_circuit                               ;
; Family                             ; Cyclone IV E                                ;
; Total logic elements               ; 75 / 6,272 ( 1 % )                          ;
;     Total combinational functions  ; 75 / 6,272 ( 1 % )                          ;
;     Dedicated logic registers      ; 34 / 6,272 ( < 1 % )                        ;
; Total registers                    ; 34                                          ;
; Total pins                         ; 4 / 92 ( 4 % )                              ;
; Total virtual pins                 ; 0                                           ;
; Total memory bits                  ; 0 / 276,480 ( 0 % )                         ;
; Embedded Multiplier 9-bit elements ; 0 / 30 ( 0 % )                              ;
; Total PLLs                         ; 0 / 2 ( 0 % )                               ;
; Device                             ; EP4CE6E22C6                                 ;
; Timing Models                      ; Final                                       ;
+------------------------------------+---------------------------------------------+


+-----------------------------------------+
; Flow Settings                           ;
+-------------------+---------------------+
; Option            ; Setting             ;
+-------------------+---------------------+
; Start date & time ; 04/06/2026 17:37:56 ;
; Main task         ; Compilation         ;
; Revision Name     ; reset_circuit       ;
+-------------------+---------------------+


+-------------------------------------------------------------------------------------------------------------------------------------------------+
; Flow Non-Default Global Settings                                                                                                                ;
+-------------------------------------+------------------------------------------------------------+---------------+-------------+----------------+
; Assignment Name                     ; Value                                                      ; Default Value ; Entity Name ; Section Id     ;
+-------------------------------------+------------------------------------------------------------+---------------+-------------+----------------+
; COMPILER_SIGNATURE_ID               ; 268619655998284.177551147627252                            ; --            ; --          ; --             ;
; EDA_GENERATE_FUNCTIONAL_NETLIST     ; Off                                                        ; --            ; --          ; eda_simulation ;
; EDA_NETLIST_WRITER_OUTPUT_DIR       ; /home/student2/sgolabia/coe608/Lab6/part1/simulation/qsim/ ; --            ; --          ; eda_simulation ;
; EDA_OUTPUT_DATA_FORMAT              ; Verilog Hdl                                                ; --            ; --          ; eda_simulation ;
; EDA_SIMULATION_TOOL                 ; ModelSim-Altera (Verilog)                                  ; <None>        ; --          ; --             ;
; EDA_TIME_SCALE                      ; 1 ps                                                       ; --            ; --          ; eda_simulation ;
; MAX_CORE_JUNCTION_TEMP              ; 85                                                         ; --            ; --          ; --             ;
; MIN_CORE_JUNCTION_TEMP              ; 0                                                          ; --            ; --          ; --             ;
; PARTITION_COLOR                     ; -- (Not supported for targeted family)                     ; --            ; --          ; Top            ;
; PARTITION_FITTER_PRESERVATION_LEVEL ; -- (Not supported for targeted family)                     ; --            ; --          ; Top            ;
; PARTITION_NETLIST_TYPE              ; -- (Not supported for targeted family)                     ; --            ; --          ; Top            ;
; USE_GENERATED_PHYSICAL_CONSTRAINTS  ; Off                                                        ; --            ; --          ; eda_blast_fpga ;
+-------------------------------------+------------------------------------------------------------+---------------+-------------+----------------+


+-------------------------------------------------------------------------------------------------------------------------------+
; Flow Elapsed Time                                                                                                             ;
+---------------------------+--------------+-------------------------+---------------------+------------------------------------+
; Module Name               ; Elapsed Time ; Average Processors Used ; Peak Virtual Memory ; Total CPU Time (on all processors) ;
+---------------------------+--------------+-------------------------+---------------------+------------------------------------+
; Analysis & Synthesis      ; 00:00:11     ; 1.0                     ; 939 MB              ; 00:00:27                           ;
; Fitter                    ; 00:00:04     ; 1.0                     ; 1208 MB             ; 00:00:05                           ;
; Assembler                 ; 00:00:00     ; 1.0                     ; 801 MB              ; 00:00:01                           ;
; TimeQuest Timing Analyzer ; 00:00:01     ; 1.0                     ; 834 MB              ; 00:00:01                           ;
; EDA Netlist Writer        ; 00:00:01     ; 1.0                     ; 1030 MB             ; 00:00:00                           ;
; EDA Netlist Writer        ; 00:00:00     ; 1.0                     ; 1020 MB             ; 00:00:00                           ;
; EDA Netlist Writer        ; 00:00:01     ; 1.0                     ; 1024 MB             ; 00:00:00                           ;
; Total                     ; 00:00:18     ; --                      ; --                  ; 00:00:34                           ;
+---------------------------+--------------+-------------------------+---------------------+------------------------------------+


+-------------------------------------------------------------------------------------------------------------------------+
; Flow OS Summary                                                                                                         ;
+---------------------------+----------------------------------------------+----------------+------------+----------------+
; Module Name               ; Machine Hostname                             ; OS Name        ; OS Version ; Processor type ;
+---------------------------+----------------------------------------------+----------------+------------+----------------+
; Analysis & Synthesis      ; jashanpratap-HP-EliteBook-850-G8-Notebook-PC ; Ubuntu 24.04.4 ; 24         ; x86_64         ;
; Fitter                    ; jashanpratap-HP-EliteBook-850-G8-Notebook-PC ; Ubuntu 24.04.4 ; 24         ; x86_64         ;
; Assembler                 ; jashanpratap-HP-EliteBook-850-G8-Notebook-PC ; Ubuntu 24.04.4 ; 24         ; x86_64         ;
; TimeQuest Timing Analyzer ; jashanpratap-HP-EliteBook-850-G8-Notebook-PC ; Ubuntu 24.04.4 ; 24         ; x86_64         ;
; EDA Netlist Writer        ; jashanpratap-HP-EliteBook-850-G8-Notebook-PC ; Ubuntu 24.04.4 ; 24         ; x86_64         ;
; EDA Netlist Writer        ; jashanpratap-HP-EliteBook-850-G8-Notebook-PC ; Ubuntu 24.04.4 ; 24         ; x86_64         ;
; EDA Netlist Writer        ; jashanpratap-HP-EliteBook-850-G8-Notebook-PC ; Ubuntu 24.04.4 ; 24         ; x86_64         ;
+---------------------------+----------------------------------------------+----------------+------------+----------------+


------------
; Flow Log ;
------------
quartus_map --read_settings_files=on --write_settings_files=off reset_circuit -c reset_circuit
quartus_fit --read_settings_files=off --write_settings_files=off reset_circuit -c reset_circuit
quartus_asm --read_settings_files=off --write_settings_files=off reset_circuit -c reset_circuit
quartus_sta reset_circuit -c reset_circuit
quartus_eda --read_settings_files=off --write_settings_files=off reset_circuit -c reset_circuit
quartus_eda --gen_testbench --tool=modelsim_oem --format=vhdl --write_settings_files=off reset_circuit -c reset_circuit --vector_source="/home/jashanpratap/Projects/Coe_608/Lab 6/part1/reset_circuit.vwf" --testbench_file="/home/jashanpratap/Projects/Coe_608/Lab 6/part1/simulation/qsim/reset_circuit.vwf.vht"
quartus_eda --write_settings_files=off --simulation=on --functional=on --flatten_buses=off --tool=modelsim_oem --format=vhdl --output_directory="/home/jashanpratap/Projects/Coe_608/Lab 6/part1/simulation/qsim/" reset_circuit -c reset_circuit



